\BOOKMARK [0][-]{chapter.1}{\376\377\000B\000u\000g\000\040\000L\000i\000s\000t}{}% 1
\BOOKMARK [0][-]{chapter.2}{\376\377\000D\000a\000t\000a\000\040\000S\000t\000r\000u\000c\000t\000u\000r\000e\000\040\000I\000n\000d\000e\000x}{}% 2
\BOOKMARK [1][-]{section.2.1}{\376\377\000D\000a\000t\000a\000\040\000S\000t\000r\000u\000c\000t\000u\000r\000e\000s}{chapter.2}% 3
\BOOKMARK [0][-]{chapter.3}{\376\377\000F\000i\000l\000e\000\040\000I\000n\000d\000e\000x}{}% 4
\BOOKMARK [1][-]{section.3.1}{\376\377\000F\000i\000l\000e\000\040\000L\000i\000s\000t}{chapter.3}% 5
\BOOKMARK [0][-]{chapter.4}{\376\377\000D\000a\000t\000a\000\040\000S\000t\000r\000u\000c\000t\000u\000r\000e\000\040\000D\000o\000c\000u\000m\000e\000n\000t\000a\000t\000i\000o\000n}{}% 6
\BOOKMARK [1][-]{section.4.1}{\376\377\000a\000r\000g\000s\000y\000m\000\137\000t\000\040\000S\000t\000r\000u\000c\000t\000\040\000R\000e\000f\000e\000r\000e\000n\000c\000e}{chapter.4}% 7
\BOOKMARK [2][-]{subsection.4.1.1}{\376\377\000D\000e\000t\000a\000i\000l\000e\000d\000\040\000D\000e\000s\000c\000r\000i\000p\000t\000i\000o\000n}{section.4.1}% 8
\BOOKMARK [1][-]{section.4.2}{\376\377\000f\000u\000n\000c\000t\000s\000y\000m\000\137\000t\000\040\000S\000t\000r\000u\000c\000t\000\040\000R\000e\000f\000e\000r\000e\000n\000c\000e}{chapter.4}% 9
\BOOKMARK [2][-]{subsection.4.2.1}{\376\377\000D\000e\000t\000a\000i\000l\000e\000d\000\040\000D\000e\000s\000c\000r\000i\000p\000t\000i\000o\000n}{section.4.2}% 10
\BOOKMARK [0][-]{chapter.5}{\376\377\000F\000i\000l\000e\000\040\000D\000o\000c\000u\000m\000e\000n\000t\000a\000t\000i\000o\000n}{}% 11
\BOOKMARK [1][-]{section.5.1}{\376\377\000a\000d\000d\000\137\000o\000n\000e\000.\000h\000\040\000F\000i\000l\000e\000\040\000R\000e\000f\000e\000r\000e\000n\000c\000e}{chapter.5}% 12
\BOOKMARK [2][-]{subsection.5.1.1}{\376\377\000D\000e\000t\000a\000i\000l\000e\000d\000\040\000D\000e\000s\000c\000r\000i\000p\000t\000i\000o\000n}{section.5.1}% 13
\BOOKMARK [1][-]{section.5.2}{\376\377\000a\000d\000d\000\137\000o\000n\000e\000\137\000t\000e\000s\000t\000.\000c\000\040\000F\000i\000l\000e\000\040\000R\000e\000f\000e\000r\000e\000n\000c\000e}{chapter.5}% 14
\BOOKMARK [2][-]{subsection.5.2.1}{\376\377\000D\000e\000t\000a\000i\000l\000e\000d\000\040\000D\000e\000s\000c\000r\000i\000p\000t\000i\000o\000n}{section.5.2}% 15
\BOOKMARK [1][-]{section.5.3}{\376\377\000a\000l\000a\000r\000m\000i\000n\000g\000\137\000t\000e\000s\000t\000.\000c\000\040\000F\000i\000l\000e\000\040\000R\000e\000f\000e\000r\000e\000n\000c\000e}{chapter.5}% 16
\BOOKMARK [2][-]{subsection.5.3.1}{\376\377\000D\000e\000t\000a\000i\000l\000e\000d\000\040\000D\000e\000s\000c\000r\000i\000p\000t\000i\000o\000n}{section.5.3}% 17
\BOOKMARK [1][-]{section.5.4}{\376\377\000e\000v\000i\000l\000\137\000t\000e\000s\000t\000.\000c\000\040\000F\000i\000l\000e\000\040\000R\000e\000f\000e\000r\000e\000n\000c\000e}{chapter.5}% 18
\BOOKMARK [2][-]{subsection.5.4.1}{\376\377\000D\000e\000t\000a\000i\000l\000e\000d\000\040\000D\000e\000s\000c\000r\000i\000p\000t\000i\000o\000n}{section.5.4}% 19
\BOOKMARK [1][-]{section.5.5}{\376\377\000f\000u\000n\000c\000\137\000a\000u\000x\000.\000h\000\040\000F\000i\000l\000e\000\040\000R\000e\000f\000e\000r\000e\000n\000c\000e}{chapter.5}% 20
\BOOKMARK [2][-]{subsection.5.5.1}{\376\377\000D\000e\000t\000a\000i\000l\000e\000d\000\040\000D\000e\000s\000c\000r\000i\000p\000t\000i\000o\000n}{section.5.5}% 21
\BOOKMARK [2][-]{subsection.5.5.2}{\376\377\000F\000u\000n\000c\000t\000i\000o\000n\000\040\000D\000o\000c\000u\000m\000e\000n\000t\000a\000t\000i\000o\000n}{section.5.5}% 22
\BOOKMARK [3][-]{subsubsection.5.5.2.1}{\376\377\000g\000e\000t\000\137\000c\000h\000a\000r\000\137\000v\000a\000l\000u\000e}{subsection.5.5.2}% 23
\BOOKMARK [3][-]{subsubsection.5.5.2.2}{\376\377\000g\000e\000t\000\137\000d\000o\000u\000b\000l\000e\000\137\000v\000a\000l\000u\000e}{subsection.5.5.2}% 24
\BOOKMARK [3][-]{subsubsection.5.5.2.3}{\376\377\000g\000e\000t\000\137\000e\000b\000p}{subsection.5.5.2}% 25
\BOOKMARK [3][-]{subsubsection.5.5.2.4}{\376\377\000g\000e\000t\000\137\000f\000l\000o\000a\000t\000\137\000v\000a\000l\000u\000e}{subsection.5.5.2}% 26
\BOOKMARK [3][-]{subsubsection.5.5.2.5}{\376\377\000g\000e\000t\000\137\000f\000u\000n\000c\000t\000i\000o\000n\000\137\000r\000e\000t\000u\000r\000n}{subsection.5.5.2}% 27
\BOOKMARK [3][-]{subsubsection.5.5.2.6}{\376\377\000g\000e\000t\000\137\000i\000n\000t\000\137\000v\000a\000l\000u\000e}{subsection.5.5.2}% 28
\BOOKMARK [3][-]{subsubsection.5.5.2.7}{\376\377\000g\000e\000t\000\137\000n\000e\000x\000t\000\137\000e\000b\000p}{subsection.5.5.2}% 29
\BOOKMARK [3][-]{subsubsection.5.5.2.8}{\376\377\000g\000e\000t\000\137\000s\000t\000r\000i\000n\000g\000\137\000a\000r\000r\000a\000y\000\137\000v\000a\000l\000u\000e}{subsection.5.5.2}% 30
\BOOKMARK [3][-]{subsubsection.5.5.2.9}{\376\377\000g\000e\000t\000\137\000s\000t\000r\000i\000n\000g\000\137\000v\000a\000l\000u\000e}{subsection.5.5.2}% 31
\BOOKMARK [3][-]{subsubsection.5.5.2.10}{\376\377\000g\000e\000t\000\137\000v\000o\000i\000d\000\137\000v\000a\000l\000u\000e}{subsection.5.5.2}% 32
\BOOKMARK [1][-]{section.5.6}{\376\377\000s\000t\000r\000i\000n\000g\000\137\000a\000u\000x\000.\000c\000\040\000F\000i\000l\000e\000\040\000R\000e\000f\000e\000r\000e\000n\000c\000e}{chapter.5}% 33
\BOOKMARK [2][-]{subsection.5.6.1}{\376\377\000D\000e\000t\000a\000i\000l\000e\000d\000\040\000D\000e\000s\000c\000r\000i\000p\000t\000i\000o\000n}{section.5.6}% 34
\BOOKMARK [2][-]{subsection.5.6.2}{\376\377\000F\000u\000n\000c\000t\000i\000o\000n\000\040\000D\000o\000c\000u\000m\000e\000n\000t\000a\000t\000i\000o\000n}{section.5.6}% 35
\BOOKMARK [3][-]{subsubsection.5.6.2.1}{\376\377\000i\000s\000c\000h\000a\000r}{subsection.5.6.2}% 36
\BOOKMARK [3][-]{subsubsection.5.6.2.2}{\376\377\000s\000t\000r\000l\000e\000n}{subsection.5.6.2}% 37
\BOOKMARK [3][-]{subsubsection.5.6.2.3}{\376\377\000s\000u\000b\000s\000t\000r}{subsection.5.6.2}% 38
\BOOKMARK [1][-]{section.5.7}{\376\377\000s\000t\000r\000i\000n\000g\000\137\000a\000u\000x\000.\000h\000\040\000F\000i\000l\000e\000\040\000R\000e\000f\000e\000r\000e\000n\000c\000e}{chapter.5}% 39
\BOOKMARK [2][-]{subsection.5.7.1}{\376\377\000D\000e\000t\000a\000i\000l\000e\000d\000\040\000D\000e\000s\000c\000r\000i\000p\000t\000i\000o\000n}{section.5.7}% 40
\BOOKMARK [2][-]{subsection.5.7.2}{\376\377\000F\000u\000n\000c\000t\000i\000o\000n\000\040\000D\000o\000c\000u\000m\000e\000n\000t\000a\000t\000i\000o\000n}{section.5.7}% 41
\BOOKMARK [3][-]{subsubsection.5.7.2.1}{\376\377\000i\000s\000c\000h\000a\000r}{subsection.5.7.2}% 42
\BOOKMARK [3][-]{subsubsection.5.7.2.2}{\376\377\000s\000t\000r\000l\000e\000n}{subsection.5.7.2}% 43
\BOOKMARK [3][-]{subsubsection.5.7.2.3}{\376\377\000s\000u\000b\000s\000t\000r}{subsection.5.7.2}% 44
\BOOKMARK [1][-]{section.5.8}{\376\377\000t\000r\000a\000c\000e\000b\000a\000c\000k\000.\000c\000\040\000F\000i\000l\000e\000\040\000R\000e\000f\000e\000r\000e\000n\000c\000e}{chapter.5}% 45
\BOOKMARK [2][-]{subsection.5.8.1}{\376\377\000D\000e\000t\000a\000i\000l\000e\000d\000\040\000D\000e\000s\000c\000r\000i\000p\000t\000i\000o\000n}{section.5.8}% 46
\BOOKMARK [2][-]{subsection.5.8.2}{\376\377\000F\000u\000n\000c\000t\000i\000o\000n\000\040\000D\000o\000c\000u\000m\000e\000n\000t\000a\000t\000i\000o\000n}{section.5.8}% 47
\BOOKMARK [3][-]{subsubsection.5.8.2.1}{\376\377\000i\000s\000p\000r\000i\000n\000t\000\137\000s\000t\000r\000i\000n\000g}{subsection.5.8.2}% 48
\BOOKMARK [3][-]{subsubsection.5.8.2.2}{\376\377\000l\000o\000c\000a\000t\000e\000\137\000f\000u\000n\000c\000t\000i\000o\000n}{subsection.5.8.2}% 49
\BOOKMARK [3][-]{subsubsection.5.8.2.3}{\376\377\000p\000r\000i\000n\000t\000\137\000a\000r\000g\000s}{subsection.5.8.2}% 50
\BOOKMARK [3][-]{subsubsection.5.8.2.4}{\376\377\000p\000r\000i\000n\000t\000\137\000f\000u\000n\000c}{subsection.5.8.2}% 51
\BOOKMARK [3][-]{subsubsection.5.8.2.5}{\376\377\000s\000e\000a\000r\000c\000h\000\137\000f\000u\000n\000c\000t\000i\000o\000n}{subsection.5.8.2}% 52
\BOOKMARK [3][-]{subsubsection.5.8.2.6}{\376\377\000t\000r\000a\000c\000e\000b\000a\000c\000k}{subsection.5.8.2}% 53
\BOOKMARK [1][-]{section.5.9}{\376\377\000t\000r\000a\000c\000e\000b\000a\000c\000k\000.\000h\000\040\000F\000i\000l\000e\000\040\000R\000e\000f\000e\000r\000e\000n\000c\000e}{chapter.5}% 54
\BOOKMARK [2][-]{subsection.5.9.1}{\376\377\000D\000e\000t\000a\000i\000l\000e\000d\000\040\000D\000e\000s\000c\000r\000i\000p\000t\000i\000o\000n}{section.5.9}% 55
\BOOKMARK [2][-]{subsection.5.9.2}{\376\377\000F\000u\000n\000c\000t\000i\000o\000n\000\040\000D\000o\000c\000u\000m\000e\000n\000t\000a\000t\000i\000o\000n}{section.5.9}% 56
\BOOKMARK [3][-]{subsubsection.5.9.2.1}{\376\377\000t\000r\000a\000c\000e\000b\000a\000c\000k}{subsection.5.9.2}% 57
\BOOKMARK [1][-]{section.5.10}{\376\377\000t\000r\000a\000c\000e\000b\000a\000c\000k\000\137\000g\000l\000o\000b\000a\000l\000s\000.\000c\000\040\000F\000i\000l\000e\000\040\000R\000e\000f\000e\000r\000e\000n\000c\000e}{chapter.5}% 58
\BOOKMARK [2][-]{subsection.5.10.1}{\376\377\000D\000e\000t\000a\000i\000l\000e\000d\000\040\000D\000e\000s\000c\000r\000i\000p\000t\000i\000o\000n}{section.5.10}% 59
\BOOKMARK [2][-]{subsection.5.10.2}{\376\377\000V\000a\000r\000i\000a\000b\000l\000e\000\040\000D\000o\000c\000u\000m\000e\000n\000t\000a\000t\000i\000o\000n}{section.5.10}% 60
\BOOKMARK [3][-]{subsubsection.5.10.2.1}{\376\377\000f\000u\000n\000c\000t\000i\000o\000n\000s}{subsection.5.10.2}% 61
\BOOKMARK [1][-]{section.5.11}{\376\377\000t\000r\000a\000c\000e\000b\000a\000c\000k\000\137\000i\000n\000t\000e\000r\000n\000a\000l\000.\000h\000\040\000F\000i\000l\000e\000\040\000R\000e\000f\000e\000r\000e\000n\000c\000e}{chapter.5}% 62
\BOOKMARK [2][-]{subsection.5.11.1}{\376\377\000D\000e\000t\000a\000i\000l\000e\000d\000\040\000D\000e\000s\000c\000r\000i\000p\000t\000i\000o\000n}{section.5.11}% 63
\BOOKMARK [2][-]{subsection.5.11.2}{\376\377\000M\000a\000c\000r\000o\000\040\000D\000e\000f\000i\000n\000i\000t\000i\000o\000n\000\040\000D\000o\000c\000u\000m\000e\000n\000t\000a\000t\000i\000o\000n}{section.5.11}% 64
\BOOKMARK [3][-]{subsubsection.5.11.2.1}{\376\377\000A\000R\000G\000S\000\137\000M\000A\000X\000\137\000N\000A\000M\000E}{subsection.5.11.2}% 65
\BOOKMARK [3][-]{subsubsection.5.11.2.2}{\376\377\000A\000R\000G\000S\000\137\000M\000A\000X\000\137\000N\000U\000M}{subsection.5.11.2}% 66
\BOOKMARK [3][-]{subsubsection.5.11.2.3}{\376\377\000F\000U\000N\000C\000T\000S\000\137\000M\000A\000X\000\137\000N\000A\000M\000E}{subsection.5.11.2}% 67
\BOOKMARK [3][-]{subsubsection.5.11.2.4}{\376\377\000F\000U\000N\000C\000T\000S\000\137\000M\000A\000X\000\137\000N\000U\000M}{subsection.5.11.2}% 68
\BOOKMARK [3][-]{subsubsection.5.11.2.5}{\376\377\000M\000A\000X\000\137\000F\000U\000N\000C\000T\000I\000O\000N\000\137\000S\000I\000Z\000E\000\137\000B\000Y\000T\000E\000S}{subsection.5.11.2}% 69
\BOOKMARK [1][-]{section.5.12}{\376\377\000v\000e\000r\000i\000f\000y\000\137\000t\000e\000s\000t\000.\000c\000\040\000F\000i\000l\000e\000\040\000R\000e\000f\000e\000r\000e\000n\000c\000e}{chapter.5}% 70
\BOOKMARK [2][-]{subsection.5.12.1}{\376\377\000D\000e\000t\000a\000i\000l\000e\000d\000\040\000D\000e\000s\000c\000r\000i\000p\000t\000i\000o\000n}{section.5.12}% 71
\BOOKMARK [0][-]{section*.20}{\376\377\000I\000n\000d\000e\000x}{}% 72
